<?xml version="1.0" encoding="UTF-8"?>
<testng-results ignored="0" total="1" passed="1" failed="0" skipped="0">
  <reporter-output>
  </reporter-output>
  <suite started-at="2023-01-30T17:57:58 IST" name="Default suite" finished-at="2023-01-30T17:58:23 IST" duration-ms="25111">
    <groups>
    </groups>
    <test started-at="2023-01-30T17:57:58 IST" name="Default test" finished-at="2023-01-30T17:58:23 IST" duration-ms="25111">
      <class name="com.nyka.Nyka">
        <test-method signature="Product_select()[pri:0, instance:com.nyka.Nyka@77888435]" started-at="2023-01-30T17:57:58 IST" name="Product_select" finished-at="2023-01-30T17:58:23 IST" duration-ms="25042" status="PASS">
          <reporter-output>
          </reporter-output>
        </test-method> <!-- Product_select -->
      </class> <!-- com.nyka.Nyka -->
    </test> <!-- Default test -->
  </suite> <!-- Default suite -->
</testng-results>
